
**** Build of configuration Release for project adc ****

make all 
Building file: ../main.c
Invoking: AVR Compiler
avr-gcc -Wall -Os -fpack-struct -fshort-enums -std=gnu99 -funsigned-char -funsigned-bitfields -mmcu=atmega8 -DF_CPU=8000000UL -MMD -MP -MF"main.d" -MT"main.d" -c -o "main.o" "../main.c"
../main.c:10: warning: return type defaults to 'int'
../main.c: In function 'main':
../main.c:11: warning: unused variable 'v'
Finished building: ../main.c
 
Building target: adc.elf
Invoking: AVR C Linker
avr-gcc -Wl,-Map,adc.map -mmcu=atmega8 -o "adc.elf"  ./main.o   
Finished building target: adc.elf
 
Invoking: AVR Create Extended Listing
avr-objdump -h -S adc.elf  >"adc.lss"
Finished building: adc.lss
 
Create Flash image (ihex format)
avr-objcopy -R .eeprom -O ihex adc.elf  "adc.hex"
Finished building: adc.hex
 
Create eeprom image (ihex format)
avr-objcopy -j .eeprom --no-change-warnings --change-section-lma .eeprom=0 -O ihex adc.elf  "adc.eep"
Finished building: adc.eep
 
Invoking: Print Size
avr-size --format=avr --mcu=atmega8 adc.elf
AVR Memory Usage
----------------
Device: atmega8

Program:     196 bytes (2.4% Full)
(.text + .data + .bootloader)

Data:          0 bytes (0.0% Full)
(.data + .bss + .noinit)


Finished building: sizedummy
 

**** Build Finished ****
