
**** Build of configuration Release for project klaskacz ****

make all 
Building file: ../main.c
Invoking: AVR Compiler
avr-gcc -Wall -Os -fpack-struct -fshort-enums -std=gnu99 -funsigned-char -funsigned-bitfields -mmcu=attiny45 -DF_CPU=8000000UL -MMD -MP -MF"main.d" -MT"main.d" -c -o "main.o" "../main.c"
Finished building: ../main.c
 
Building target: klaskacz.elf
Invoking: AVR C Linker
avr-gcc -Wl,-Map,klaskacz.map -mmcu=attiny45 -o "klaskacz.elf"  ./main.o   
Finished building target: klaskacz.elf
 
Invoking: AVR Create Extended Listing
avr-objdump -h -S klaskacz.elf  >"klaskacz.lss"
Finished building: klaskacz.lss
 
Create Flash image (ihex format)
avr-objcopy -R .eeprom -O ihex klaskacz.elf  "klaskacz.hex"
Finished building: klaskacz.hex
 
Create eeprom image (ihex format)
avr-objcopy -j .eeprom --no-change-warnings --change-section-lma .eeprom=0 -O ihex klaskacz.elf  "klaskacz.eep"
Finished building: klaskacz.eep
 
Invoking: Print Size
avr-size --format=avr --mcu=attiny45 klaskacz.elf
AVR Memory Usage
----------------
Device: attiny45

Program:     306 bytes (7.5% Full)
(.text + .data + .bootloader)

Data:          0 bytes (0.0% Full)
(.data + .bss + .noinit)


Finished building: sizedummy
 

**** Build Finished ****
