
**** Build of configuration Release for project timer ****

make all 
Building file: ../main.c
Invoking: AVR Compiler
avr-gcc -Wall -Os -fpack-struct -fshort-enums -std=gnu99 -funsigned-char -funsigned-bitfields -mmcu=atmega8 -DF_CPU=8000000UL -MMD -MP -MF"main.d" -MT"main.d" -c -o "main.o" "../main.c"
../main.c:17: warning: return type of 'main' is not 'int'
Finished building: ../main.c
 
Building target: timer.elf
Invoking: AVR C Linker
avr-gcc -Wl,-Map,timer.map -mmcu=atmega8 -o "timer.elf"  ./main.o   
Finished building target: timer.elf
 
Invoking: AVR Create Extended Listing
avr-objdump -h -S timer.elf  >"timer.lss"
Finished building: timer.lss
 
Create Flash image (ihex format)
avr-objcopy -R .eeprom -O ihex timer.elf  "timer.hex"
Finished building: timer.hex
 
Create eeprom image (ihex format)
avr-objcopy -j .eeprom --no-change-warnings --change-section-lma .eeprom=0 -O ihex timer.elf  "timer.eep"
Finished building: timer.eep
 
Invoking: Print Size
avr-size --format=avr --mcu=atmega8 timer.elf
AVR Memory Usage
----------------
Device: atmega8

Program:     172 bytes (2.1% Full)
(.text + .data + .bootloader)

Data:          1 bytes (0.1% Full)
(.data + .bss + .noinit)


Finished building: sizedummy
 

**** Build Finished ****
